<?xml version="1.0" encoding="UTF-8"?>
<!-- Generated by org.testng.reporters.JUnitXMLReporter -->
<testsuite ignored="2" hostname="DESKTOP-8F5TS63" failures="0" tests="2" name="EcommerceApp Test1" time="22.202" errors="0" timestamp="2024-07-19T11:35:26 IST">
  <testcase classname="com.swaglabsprj.testCases.TC_loginTest_001" name="loginTest" time="3.662"/>
  <testcase classname="com.swaglabsprj.testCases.TC_addCart_002" name="addCart" time="13.211"/>
  <testcase classname="com.swaglabsprj.testCases.BaseClass" name="@AfterTest teardown" time="0.0">
    <ignored/>
  </testcase> <!-- @AfterTest teardown -->
  <testcase classname="com.swaglabsprj.testCases.BaseClass" name="@BeforeTest setup" time="0.0">
    <ignored/>
  </testcase> <!-- @BeforeTest setup -->
</testsuite> <!-- EcommerceApp Test1 -->
