<?xml version="1.0" encoding="UTF-8"?>
<testng-results ignored="0" total="2" passed="2" failed="0" skipped="0">
  <reporter-output>
  </reporter-output>
  <suite started-at="2024-07-19T11:35:04 IST" name="swaglabsprj" finished-at="2024-07-19T11:35:26 IST" duration-ms="22202">
    <groups>
    </groups>
    <test started-at="2024-07-19T11:35:04 IST" name="EcommerceApp Test1" finished-at="2024-07-19T11:35:26 IST" duration-ms="22202">
      <class name="com.swaglabsprj.testCases.TC_loginTest_001">
        <test-method is-config="true" signature="setup(java.lang.String)[pri:0, instance:com.swaglabsprj.testCases.TC_loginTest_001@5f8e8a9d]" started-at="2024-07-19T11:35:04 IST" name="setup" finished-at="2024-07-19T11:35:08 IST" duration-ms="4425" status="PASS">
          <params>
            <param index="0">
              <value>
                <![CDATA[chrome]]>
              </value>
            </param>
          </params>
          <reporter-output>
          </reporter-output>
        </test-method> <!-- setup -->
        <test-method signature="loginTest()[pri:0, instance:com.swaglabsprj.testCases.TC_loginTest_001@5f8e8a9d]" started-at="2024-07-19T11:35:08 IST" name="loginTest" finished-at="2024-07-19T11:35:12 IST" duration-ms="3662" status="PASS">
          <reporter-output>
          </reporter-output>
        </test-method> <!-- loginTest -->
        <test-method is-config="true" signature="teardown()[pri:0, instance:com.swaglabsprj.testCases.TC_loginTest_001@5f8e8a9d]" started-at="2024-07-19T11:35:25 IST" name="teardown" finished-at="2024-07-19T11:35:26 IST" duration-ms="786" status="PASS">
          <reporter-output>
          </reporter-output>
        </test-method> <!-- teardown -->
      </class> <!-- com.swaglabsprj.testCases.TC_loginTest_001 -->
      <class name="com.swaglabsprj.testCases.TC_addCart_002">
        <test-method signature="addCart()[pri:0, instance:com.swaglabsprj.testCases.TC_addCart_002@338fc1d8]" started-at="2024-07-19T11:35:12 IST" name="addCart" finished-at="2024-07-19T11:35:25 IST" depends-on-methods="loginTest" duration-ms="13211" status="PASS">
          <reporter-output>
          </reporter-output>
        </test-method> <!-- addCart -->
      </class> <!-- com.swaglabsprj.testCases.TC_addCart_002 -->
    </test> <!-- EcommerceApp Test1 -->
  </suite> <!-- swaglabsprj -->
</testng-results>
